<?xml version="1.0" encoding="UTF-8"?>
<testsuite xmlns:xsi="http://www.w3.org/2001/XMLSchema-instance" xsi:noNamespaceSchemaLocation="https://maven.apache.org/surefire/maven-surefire-plugin/xsd/surefire-test-report.xsd" name="sample.tomcat.jsp.SampleWebJspApplicationTests" time="3.553" tests="1" errors="0" skipped="0" failures="0">
  <properties>
    <property name="gopherProxySet" value="false"/>
    <property name="awt.toolkit" value="sun.lwawt.macosx.LWCToolkit"/>
    <property name="java.specification.version" value="9"/>
    <property name="file.encoding.pkg" value="sun.io"/>
    <property name="sun.cpu.isalist" value=""/>
    <property name="sun.jnu.encoding" value="UTF-8"/>
    <property name="java.class.path" value="/Users/amedio/.m2/repository/org/apache/maven/surefire/surefire-booter/2.21.0/surefire-booter-2.21.0.jar:/Users/amedio/.m2/repository/org/apache/maven/surefire/surefire-api/2.21.0/surefire-api-2.21.0.jar:/Users/amedio/.m2/repository/org/apache/maven/surefire/surefire-logger-api/2.21.0/surefire-logger-api-2.21.0.jar:/Users/amedio/workspace/spring-boot-sample-tomcat-jsp/target/test-classes:/Users/amedio/workspace/spring-boot-sample-tomcat-jsp/target/classes:/Users/amedio/.m2/repository/org/springframework/boot/spring-boot-starter-web/2.0.5.RELEASE/spring-boot-starter-web-2.0.5.RELEASE.jar:/Users/amedio/.m2/repository/org/springframework/boot/spring-boot-starter/2.0.5.RELEASE/spring-boot-starter-2.0.5.RELEASE.jar:/Users/amedio/.m2/repository/org/springframework/boot/spring-boot/2.0.5.RELEASE/spring-boot-2.0.5.RELEASE.jar:/Users/amedio/.m2/repository/org/springframework/boot/spring-boot-autoconfigure/2.0.5.RELEASE/spring-boot-autoconfigure-2.0.5.RELEASE.jar:/Users/amedio/.m2/repository/org/springframework/boot/spring-boot-starter-logging/2.0.5.RELEASE/spring-boot-starter-logging-2.0.5.RELEASE.jar:/Users/amedio/.m2/repository/ch/qos/logback/logback-classic/1.2.3/logback-classic-1.2.3.jar:/Users/amedio/.m2/repository/ch/qos/logback/logback-core/1.2.3/logback-core-1.2.3.jar:/Users/amedio/.m2/repository/org/apache/logging/log4j/log4j-to-slf4j/2.10.0/log4j-to-slf4j-2.10.0.jar:/Users/amedio/.m2/repository/org/apache/logging/log4j/log4j-api/2.10.0/log4j-api-2.10.0.jar:/Users/amedio/.m2/repository/org/slf4j/jul-to-slf4j/1.7.25/jul-to-slf4j-1.7.25.jar:/Users/amedio/.m2/repository/javax/annotation/javax.annotation-api/1.3.2/javax.annotation-api-1.3.2.jar:/Users/amedio/.m2/repository/org/yaml/snakeyaml/1.19/snakeyaml-1.19.jar:/Users/amedio/.m2/repository/org/springframework/boot/spring-boot-starter-json/2.0.5.RELEASE/spring-boot-starter-json-2.0.5.RELEASE.jar:/Users/amedio/.m2/repository/com/fasterxml/jackson/core/jackson-databind/2.9.6/jackson-databind-2.9.6.jar:/Users/amedio/.m2/repository/com/fasterxml/jackson/core/jackson-annotations/2.9.0/jackson-annotations-2.9.0.jar:/Users/amedio/.m2/repository/com/fasterxml/jackson/core/jackson-core/2.9.6/jackson-core-2.9.6.jar:/Users/amedio/.m2/repository/com/fasterxml/jackson/datatype/jackson-datatype-jdk8/2.9.6/jackson-datatype-jdk8-2.9.6.jar:/Users/amedio/.m2/repository/com/fasterxml/jackson/datatype/jackson-datatype-jsr310/2.9.6/jackson-datatype-jsr310-2.9.6.jar:/Users/amedio/.m2/repository/com/fasterxml/jackson/module/jackson-module-parameter-names/2.9.6/jackson-module-parameter-names-2.9.6.jar:/Users/amedio/.m2/repository/org/hibernate/validator/hibernate-validator/6.0.12.Final/hibernate-validator-6.0.12.Final.jar:/Users/amedio/.m2/repository/javax/validation/validation-api/2.0.1.Final/validation-api-2.0.1.Final.jar:/Users/amedio/.m2/repository/org/jboss/logging/jboss-logging/3.3.2.Final/jboss-logging-3.3.2.Final.jar:/Users/amedio/.m2/repository/com/fasterxml/classmate/1.3.4/classmate-1.3.4.jar:/Users/amedio/.m2/repository/org/springframework/spring-web/5.0.9.RELEASE/spring-web-5.0.9.RELEASE.jar:/Users/amedio/.m2/repository/org/springframework/spring-beans/5.0.9.RELEASE/spring-beans-5.0.9.RELEASE.jar:/Users/amedio/.m2/repository/org/springframework/spring-webmvc/5.0.9.RELEASE/spring-webmvc-5.0.9.RELEASE.jar:/Users/amedio/.m2/repository/org/springframework/spring-aop/5.0.9.RELEASE/spring-aop-5.0.9.RELEASE.jar:/Users/amedio/.m2/repository/org/springframework/spring-context/5.0.9.RELEASE/spring-context-5.0.9.RELEASE.jar:/Users/amedio/.m2/repository/org/springframework/spring-expression/5.0.9.RELEASE/spring-expression-5.0.9.RELEASE.jar:/Users/amedio/.m2/repository/javax/servlet/jstl/1.2/jstl-1.2.jar:/Users/amedio/.m2/repository/org/springframework/boot/spring-boot-starter-jetty/2.0.5.RELEASE/spring-boot-starter-jetty-2.0.5.RELEASE.jar:/Users/amedio/.m2/repository/org/eclipse/jetty/jetty-servlets/9.4.12.v20180830/jetty-servlets-9.4.12.v20180830.jar:/Users/amedio/.m2/repository/org/eclipse/jetty/jetty-continuation/9.4.12.v20180830/jetty-continuation-9.4.12.v20180830.jar:/Users/amedio/.m2/repository/org/eclipse/jetty/jetty-http/9.4.12.v20180830/jetty-http-9.4.12.v20180830.jar:/Users/amedio/.m2/repository/org/eclipse/jetty/jetty-io/9.4.12.v20180830/jetty-io-9.4.12.v20180830.jar:/Users/amedio/.m2/repository/org/eclipse/jetty/jetty-webapp/9.4.12.v20180830/jetty-webapp-9.4.12.v20180830.jar:/Users/amedio/.m2/repository/org/eclipse/jetty/jetty-xml/9.4.12.v20180830/jetty-xml-9.4.12.v20180830.jar:/Users/amedio/.m2/repository/org/eclipse/jetty/jetty-servlet/9.4.12.v20180830/jetty-servlet-9.4.12.v20180830.jar:/Users/amedio/.m2/repository/org/eclipse/jetty/jetty-security/9.4.12.v20180830/jetty-security-9.4.12.v20180830.jar:/Users/amedio/.m2/repository/org/eclipse/jetty/jetty-server/9.4.12.v20180830/jetty-server-9.4.12.v20180830.jar:/Users/amedio/.m2/repository/org/eclipse/jetty/websocket/websocket-server/9.4.12.v20180830/websocket-server-9.4.12.v20180830.jar:/Users/amedio/.m2/repository/org/eclipse/jetty/websocket/websocket-common/9.4.12.v20180830/websocket-common-9.4.12.v20180830.jar:/Users/amedio/.m2/repository/org/eclipse/jetty/websocket/websocket-api/9.4.12.v20180830/websocket-api-9.4.12.v20180830.jar:/Users/amedio/.m2/repository/org/eclipse/jetty/websocket/websocket-client/9.4.12.v20180830/websocket-client-9.4.12.v20180830.jar:/Users/amedio/.m2/repository/org/eclipse/jetty/jetty-client/9.4.12.v20180830/jetty-client-9.4.12.v20180830.jar:/Users/amedio/.m2/repository/org/eclipse/jetty/websocket/websocket-servlet/9.4.12.v20180830/websocket-servlet-9.4.12.v20180830.jar:/Users/amedio/.m2/repository/org/eclipse/jetty/websocket/javax-websocket-server-impl/9.4.12.v20180830/javax-websocket-server-impl-9.4.12.v20180830.jar:/Users/amedio/.m2/repository/org/eclipse/jetty/websocket/javax-websocket-client-impl/9.4.12.v20180830/javax-websocket-client-impl-9.4.12.v20180830.jar:/Users/amedio/.m2/repository/javax/websocket/javax.websocket-api/1.0/javax.websocket-api-1.0.jar:/Users/amedio/.m2/repository/org/mortbay/jasper/apache-el/8.5.33/apache-el-8.5.33.jar:/Users/amedio/.m2/repository/org/eclipse/jetty/apache-jsp/9.4.12.v20180830/apache-jsp-9.4.12.v20180830.jar:/Users/amedio/.m2/repository/org/eclipse/jetty/jetty-util/9.4.12.v20180830/jetty-util-9.4.12.v20180830.jar:/Users/amedio/.m2/repository/org/eclipse/jetty/toolchain/jetty-schemas/3.1/jetty-schemas-3.1.jar:/Users/amedio/.m2/repository/javax/servlet/javax.servlet-api/3.1.0/javax.servlet-api-3.1.0.jar:/Users/amedio/.m2/repository/org/mortbay/jasper/apache-jsp/8.5.24.2/apache-jsp-8.5.24.2.jar:/Users/amedio/.m2/repository/org/eclipse/jetty/jetty-annotations/9.4.12.v20180830/jetty-annotations-9.4.12.v20180830.jar:/Users/amedio/.m2/repository/org/eclipse/jetty/jetty-plus/9.4.12.v20180830/jetty-plus-9.4.12.v20180830.jar:/Users/amedio/.m2/repository/org/eclipse/jetty/jetty-jndi/9.4.12.v20180830/jetty-jndi-9.4.12.v20180830.jar:/Users/amedio/.m2/repository/org/ow2/asm/asm/6.2/asm-6.2.jar:/Users/amedio/.m2/repository/org/ow2/asm/asm-commons/6.2/asm-commons-6.2.jar:/Users/amedio/.m2/repository/org/ow2/asm/asm-tree/6.2/asm-tree-6.2.jar:/Users/amedio/.m2/repository/org/ow2/asm/asm-analysis/6.2/asm-analysis-6.2.jar:/Users/amedio/.m2/repository/org/apache/tomcat/embed/tomcat-embed-jasper/8.5.34/tomcat-embed-jasper-8.5.34.jar:/Users/amedio/.m2/repository/org/apache/tomcat/embed/tomcat-embed-core/8.5.34/tomcat-embed-core-8.5.34.jar:/Users/amedio/.m2/repository/org/apache/tomcat/tomcat-annotations-api/8.5.34/tomcat-annotations-api-8.5.34.jar:/Users/amedio/.m2/repository/org/apache/tomcat/embed/tomcat-embed-el/8.5.34/tomcat-embed-el-8.5.34.jar:/Users/amedio/.m2/repository/org/eclipse/jdt/ecj/3.12.3/ecj-3.12.3.jar:/Users/amedio/.m2/repository/org/springframework/boot/spring-boot-starter-test/2.0.5.RELEASE/spring-boot-starter-test-2.0.5.RELEASE.jar:/Users/amedio/.m2/repository/org/springframework/boot/spring-boot-test/2.0.5.RELEASE/spring-boot-test-2.0.5.RELEASE.jar:/Users/amedio/.m2/repository/org/springframework/boot/spring-boot-test-autoconfigure/2.0.5.RELEASE/spring-boot-test-autoconfigure-2.0.5.RELEASE.jar:/Users/amedio/.m2/repository/com/jayway/jsonpath/json-path/2.4.0/json-path-2.4.0.jar:/Users/amedio/.m2/repository/net/minidev/json-smart/2.3/json-smart-2.3.jar:/Users/amedio/.m2/repository/net/minidev/accessors-smart/1.2/accessors-smart-1.2.jar:/Users/amedio/.m2/repository/org/slf4j/slf4j-api/1.7.25/slf4j-api-1.7.25.jar:/Users/amedio/.m2/repository/junit/junit/4.12/junit-4.12.jar:/Users/amedio/.m2/repository/org/assertj/assertj-core/3.9.1/assertj-core-3.9.1.jar:/Users/amedio/.m2/repository/org/mockito/mockito-core/2.15.0/mockito-core-2.15.0.jar:/Users/amedio/.m2/repository/net/bytebuddy/byte-buddy/1.7.11/byte-buddy-1.7.11.jar:/Users/amedio/.m2/repository/net/bytebuddy/byte-buddy-agent/1.7.11/byte-buddy-agent-1.7.11.jar:/Users/amedio/.m2/repository/org/objenesis/objenesis/2.6/objenesis-2.6.jar:/Users/amedio/.m2/repository/org/hamcrest/hamcrest-core/1.3/hamcrest-core-1.3.jar:/Users/amedio/.m2/repository/org/hamcrest/hamcrest-library/1.3/hamcrest-library-1.3.jar:/Users/amedio/.m2/repository/org/skyscreamer/jsonassert/1.5.0/jsonassert-1.5.0.jar:/Users/amedio/.m2/repository/com/vaadin/external/google/android-json/0.0.20131108.vaadin1/android-json-0.0.20131108.vaadin1.jar:/Users/amedio/.m2/repository/org/springframework/spring-core/5.0.9.RELEASE/spring-core-5.0.9.RELEASE.jar:/Users/amedio/.m2/repository/org/springframework/spring-jcl/5.0.9.RELEASE/spring-jcl-5.0.9.RELEASE.jar:/Users/amedio/.m2/repository/org/springframework/spring-test/5.0.9.RELEASE/spring-test-5.0.9.RELEASE.jar:/Users/amedio/.m2/repository/org/xmlunit/xmlunit-core/2.5.1/xmlunit-core-2.5.1.jar:/Users/amedio/.m2/repository/org/apache/maven/surefire/surefire-junit4/2.21.0/surefire-junit4-2.21.0.jar"/>
    <property name="java.vm.vendor" value="Oracle Corporation"/>
    <property name="sun.arch.data.model" value="64"/>
    <property name="java.vendor.url" value="http://java.oracle.com/"/>
    <property name="user.timezone" value=""/>
    <property name="java.vm.specification.version" value="9"/>
    <property name="os.name" value="Mac OS X"/>
    <property name="sun.java.launcher" value="SUN_STANDARD"/>
    <property name="user.country" value="KR"/>
    <property name="sun.boot.library.path" value="/Library/Java/JavaVirtualMachines/jdk-9.0.4.jdk/Contents/Home/lib"/>
    <property name="sun.java.command" value="org.apache.maven.surefire.booter.ForkedBooter /Users/amedio/workspace/spring-boot-sample-tomcat-jsp/target/surefire 2019-12-02T09-54-10_334-jvmRun1 surefire16827023505324493079tmp surefire_01241623613534264788tmp"/>
    <property name="http.nonProxyHosts" value="local|*.local|169.254/16|*.169.254/16|lx.astxsvc.com|*.lx.astxsvc.com|127.0.0.1:21300|*.127.0.0.1:21300"/>
    <property name="jdk.debug" value="release"/>
    <property name="surefire.test.class.path" value="/Users/amedio/workspace/spring-boot-sample-tomcat-jsp/target/test-classes:/Users/amedio/workspace/spring-boot-sample-tomcat-jsp/target/classes:/Users/amedio/.m2/repository/org/springframework/boot/spring-boot-starter-web/2.0.5.RELEASE/spring-boot-starter-web-2.0.5.RELEASE.jar:/Users/amedio/.m2/repository/org/springframework/boot/spring-boot-starter/2.0.5.RELEASE/spring-boot-starter-2.0.5.RELEASE.jar:/Users/amedio/.m2/repository/org/springframework/boot/spring-boot/2.0.5.RELEASE/spring-boot-2.0.5.RELEASE.jar:/Users/amedio/.m2/repository/org/springframework/boot/spring-boot-autoconfigure/2.0.5.RELEASE/spring-boot-autoconfigure-2.0.5.RELEASE.jar:/Users/amedio/.m2/repository/org/springframework/boot/spring-boot-starter-logging/2.0.5.RELEASE/spring-boot-starter-logging-2.0.5.RELEASE.jar:/Users/amedio/.m2/repository/ch/qos/logback/logback-classic/1.2.3/logback-classic-1.2.3.jar:/Users/amedio/.m2/repository/ch/qos/logback/logback-core/1.2.3/logback-core-1.2.3.jar:/Users/amedio/.m2/repository/org/apache/logging/log4j/log4j-to-slf4j/2.10.0/log4j-to-slf4j-2.10.0.jar:/Users/amedio/.m2/repository/org/apache/logging/log4j/log4j-api/2.10.0/log4j-api-2.10.0.jar:/Users/amedio/.m2/repository/org/slf4j/jul-to-slf4j/1.7.25/jul-to-slf4j-1.7.25.jar:/Users/amedio/.m2/repository/javax/annotation/javax.annotation-api/1.3.2/javax.annotation-api-1.3.2.jar:/Users/amedio/.m2/repository/org/yaml/snakeyaml/1.19/snakeyaml-1.19.jar:/Users/amedio/.m2/repository/org/springframework/boot/spring-boot-starter-json/2.0.5.RELEASE/spring-boot-starter-json-2.0.5.RELEASE.jar:/Users/amedio/.m2/repository/com/fasterxml/jackson/core/jackson-databind/2.9.6/jackson-databind-2.9.6.jar:/Users/amedio/.m2/repository/com/fasterxml/jackson/core/jackson-annotations/2.9.0/jackson-annotations-2.9.0.jar:/Users/amedio/.m2/repository/com/fasterxml/jackson/core/jackson-core/2.9.6/jackson-core-2.9.6.jar:/Users/amedio/.m2/repository/com/fasterxml/jackson/datatype/jackson-datatype-jdk8/2.9.6/jackson-datatype-jdk8-2.9.6.jar:/Users/amedio/.m2/repository/com/fasterxml/jackson/datatype/jackson-datatype-jsr310/2.9.6/jackson-datatype-jsr310-2.9.6.jar:/Users/amedio/.m2/repository/com/fasterxml/jackson/module/jackson-module-parameter-names/2.9.6/jackson-module-parameter-names-2.9.6.jar:/Users/amedio/.m2/repository/org/hibernate/validator/hibernate-validator/6.0.12.Final/hibernate-validator-6.0.12.Final.jar:/Users/amedio/.m2/repository/javax/validation/validation-api/2.0.1.Final/validation-api-2.0.1.Final.jar:/Users/amedio/.m2/repository/org/jboss/logging/jboss-logging/3.3.2.Final/jboss-logging-3.3.2.Final.jar:/Users/amedio/.m2/repository/com/fasterxml/classmate/1.3.4/classmate-1.3.4.jar:/Users/amedio/.m2/repository/org/springframework/spring-web/5.0.9.RELEASE/spring-web-5.0.9.RELEASE.jar:/Users/amedio/.m2/repository/org/springframework/spring-beans/5.0.9.RELEASE/spring-beans-5.0.9.RELEASE.jar:/Users/amedio/.m2/repository/org/springframework/spring-webmvc/5.0.9.RELEASE/spring-webmvc-5.0.9.RELEASE.jar:/Users/amedio/.m2/repository/org/springframework/spring-aop/5.0.9.RELEASE/spring-aop-5.0.9.RELEASE.jar:/Users/amedio/.m2/repository/org/springframework/spring-context/5.0.9.RELEASE/spring-context-5.0.9.RELEASE.jar:/Users/amedio/.m2/repository/org/springframework/spring-expression/5.0.9.RELEASE/spring-expression-5.0.9.RELEASE.jar:/Users/amedio/.m2/repository/javax/servlet/jstl/1.2/jstl-1.2.jar:/Users/amedio/.m2/repository/org/springframework/boot/spring-boot-starter-jetty/2.0.5.RELEASE/spring-boot-starter-jetty-2.0.5.RELEASE.jar:/Users/amedio/.m2/repository/org/eclipse/jetty/jetty-servlets/9.4.12.v20180830/jetty-servlets-9.4.12.v20180830.jar:/Users/amedio/.m2/repository/org/eclipse/jetty/jetty-continuation/9.4.12.v20180830/jetty-continuation-9.4.12.v20180830.jar:/Users/amedio/.m2/repository/org/eclipse/jetty/jetty-http/9.4.12.v20180830/jetty-http-9.4.12.v20180830.jar:/Users/amedio/.m2/repository/org/eclipse/jetty/jetty-io/9.4.12.v20180830/jetty-io-9.4.12.v20180830.jar:/Users/amedio/.m2/repository/org/eclipse/jetty/jetty-webapp/9.4.12.v20180830/jetty-webapp-9.4.12.v20180830.jar:/Users/amedio/.m2/repository/org/eclipse/jetty/jetty-xml/9.4.12.v20180830/jetty-xml-9.4.12.v20180830.jar:/Users/amedio/.m2/repository/org/eclipse/jetty/jetty-servlet/9.4.12.v20180830/jetty-servlet-9.4.12.v20180830.jar:/Users/amedio/.m2/repository/org/eclipse/jetty/jetty-security/9.4.12.v20180830/jetty-security-9.4.12.v20180830.jar:/Users/amedio/.m2/repository/org/eclipse/jetty/jetty-server/9.4.12.v20180830/jetty-server-9.4.12.v20180830.jar:/Users/amedio/.m2/repository/org/eclipse/jetty/websocket/websocket-server/9.4.12.v20180830/websocket-server-9.4.12.v20180830.jar:/Users/amedio/.m2/repository/org/eclipse/jetty/websocket/websocket-common/9.4.12.v20180830/websocket-common-9.4.12.v20180830.jar:/Users/amedio/.m2/repository/org/eclipse/jetty/websocket/websocket-api/9.4.12.v20180830/websocket-api-9.4.12.v20180830.jar:/Users/amedio/.m2/repository/org/eclipse/jetty/websocket/websocket-client/9.4.12.v20180830/websocket-client-9.4.12.v20180830.jar:/Users/amedio/.m2/repository/org/eclipse/jetty/jetty-client/9.4.12.v20180830/jetty-client-9.4.12.v20180830.jar:/Users/amedio/.m2/repository/org/eclipse/jetty/websocket/websocket-servlet/9.4.12.v20180830/websocket-servlet-9.4.12.v20180830.jar:/Users/amedio/.m2/repository/org/eclipse/jetty/websocket/javax-websocket-server-impl/9.4.12.v20180830/javax-websocket-server-impl-9.4.12.v20180830.jar:/Users/amedio/.m2/repository/org/eclipse/jetty/websocket/javax-websocket-client-impl/9.4.12.v20180830/javax-websocket-client-impl-9.4.12.v20180830.jar:/Users/amedio/.m2/repository/javax/websocket/javax.websocket-api/1.0/javax.websocket-api-1.0.jar:/Users/amedio/.m2/repository/org/mortbay/jasper/apache-el/8.5.33/apache-el-8.5.33.jar:/Users/amedio/.m2/repository/org/eclipse/jetty/apache-jsp/9.4.12.v20180830/apache-jsp-9.4.12.v20180830.jar:/Users/amedio/.m2/repository/org/eclipse/jetty/jetty-util/9.4.12.v20180830/jetty-util-9.4.12.v20180830.jar:/Users/amedio/.m2/repository/org/eclipse/jetty/toolchain/jetty-schemas/3.1/jetty-schemas-3.1.jar:/Users/amedio/.m2/repository/javax/servlet/javax.servlet-api/3.1.0/javax.servlet-api-3.1.0.jar:/Users/amedio/.m2/repository/org/mortbay/jasper/apache-jsp/8.5.24.2/apache-jsp-8.5.24.2.jar:/Users/amedio/.m2/repository/org/eclipse/jetty/jetty-annotations/9.4.12.v20180830/jetty-annotations-9.4.12.v20180830.jar:/Users/amedio/.m2/repository/org/eclipse/jetty/jetty-plus/9.4.12.v20180830/jetty-plus-9.4.12.v20180830.jar:/Users/amedio/.m2/repository/org/eclipse/jetty/jetty-jndi/9.4.12.v20180830/jetty-jndi-9.4.12.v20180830.jar:/Users/amedio/.m2/repository/org/ow2/asm/asm/6.2/asm-6.2.jar:/Users/amedio/.m2/repository/org/ow2/asm/asm-commons/6.2/asm-commons-6.2.jar:/Users/amedio/.m2/repository/org/ow2/asm/asm-tree/6.2/asm-tree-6.2.jar:/Users/amedio/.m2/repository/org/ow2/asm/asm-analysis/6.2/asm-analysis-6.2.jar:/Users/amedio/.m2/repository/org/apache/tomcat/embed/tomcat-embed-jasper/8.5.34/tomcat-embed-jasper-8.5.34.jar:/Users/amedio/.m2/repository/org/apache/tomcat/embed/tomcat-embed-core/8.5.34/tomcat-embed-core-8.5.34.jar:/Users/amedio/.m2/repository/org/apache/tomcat/tomcat-annotations-api/8.5.34/tomcat-annotations-api-8.5.34.jar:/Users/amedio/.m2/repository/org/apache/tomcat/embed/tomcat-embed-el/8.5.34/tomcat-embed-el-8.5.34.jar:/Users/amedio/.m2/repository/org/eclipse/jdt/ecj/3.12.3/ecj-3.12.3.jar:/Users/amedio/.m2/repository/org/springframework/boot/spring-boot-starter-test/2.0.5.RELEASE/spring-boot-starter-test-2.0.5.RELEASE.jar:/Users/amedio/.m2/repository/org/springframework/boot/spring-boot-test/2.0.5.RELEASE/spring-boot-test-2.0.5.RELEASE.jar:/Users/amedio/.m2/repository/org/springframework/boot/spring-boot-test-autoconfigure/2.0.5.RELEASE/spring-boot-test-autoconfigure-2.0.5.RELEASE.jar:/Users/amedio/.m2/repository/com/jayway/jsonpath/json-path/2.4.0/json-path-2.4.0.jar:/Users/amedio/.m2/repository/net/minidev/json-smart/2.3/json-smart-2.3.jar:/Users/amedio/.m2/repository/net/minidev/accessors-smart/1.2/accessors-smart-1.2.jar:/Users/amedio/.m2/repository/org/slf4j/slf4j-api/1.7.25/slf4j-api-1.7.25.jar:/Users/amedio/.m2/repository/junit/junit/4.12/junit-4.12.jar:/Users/amedio/.m2/repository/org/assertj/assertj-core/3.9.1/assertj-core-3.9.1.jar:/Users/amedio/.m2/repository/org/mockito/mockito-core/2.15.0/mockito-core-2.15.0.jar:/Users/amedio/.m2/repository/net/bytebuddy/byte-buddy/1.7.11/byte-buddy-1.7.11.jar:/Users/amedio/.m2/repository/net/bytebuddy/byte-buddy-agent/1.7.11/byte-buddy-agent-1.7.11.jar:/Users/amedio/.m2/repository/org/objenesis/objenesis/2.6/objenesis-2.6.jar:/Users/amedio/.m2/repository/org/hamcrest/hamcrest-core/1.3/hamcrest-core-1.3.jar:/Users/amedio/.m2/repository/org/hamcrest/hamcrest-library/1.3/hamcrest-library-1.3.jar:/Users/amedio/.m2/repository/org/skyscreamer/jsonassert/1.5.0/jsonassert-1.5.0.jar:/Users/amedio/.m2/repository/com/vaadin/external/google/android-json/0.0.20131108.vaadin1/android-json-0.0.20131108.vaadin1.jar:/Users/amedio/.m2/repository/org/springframework/spring-core/5.0.9.RELEASE/spring-core-5.0.9.RELEASE.jar:/Users/amedio/.m2/repository/org/springframework/spring-jcl/5.0.9.RELEASE/spring-jcl-5.0.9.RELEASE.jar:/Users/amedio/.m2/repository/org/springframework/spring-test/5.0.9.RELEASE/spring-test-5.0.9.RELEASE.jar:/Users/amedio/.m2/repository/org/xmlunit/xmlunit-core/2.5.1/xmlunit-core-2.5.1.jar:"/>
    <property name="sun.cpu.endian" value="little"/>
    <property name="user.home" value="/Users/amedio"/>
    <property name="user.language" value="ko"/>
    <property name="java.specification.vendor" value="Oracle Corporation"/>
    <property name="java.home" value="/Library/Java/JavaVirtualMachines/jdk-9.0.4.jdk/Contents/Home"/>
    <property name="file.separator" value="/"/>
    <property name="basedir" value="/Users/amedio/workspace/spring-boot-sample-tomcat-jsp"/>
    <property name="java.vm.compressedOopsMode" value="Zero based"/>
    <property name="line.separator" value="&#10;"/>
    <property name="java.specification.name" value="Java Platform API Specification"/>
    <property name="java.vm.specification.vendor" value="Oracle Corporation"/>
    <property name="java.awt.graphicsenv" value="sun.awt.CGraphicsEnvironment"/>
    <property name="sun.management.compiler" value="HotSpot 64-Bit Tiered Compilers"/>
    <property name="ftp.nonProxyHosts" value="local|*.local|169.254/16|*.169.254/16|lx.astxsvc.com|*.lx.astxsvc.com|127.0.0.1:21300|*.127.0.0.1:21300"/>
    <property name="java.runtime.version" value="9.0.4+11"/>
    <property name="user.name" value="amedio"/>
    <property name="path.separator" value=":"/>
    <property name="os.version" value="10.15.1"/>
    <property name="java.runtime.name" value="Java(TM) SE Runtime Environment"/>
    <property name="file.encoding" value="US-ASCII"/>
    <property name="java.vm.name" value="Java HotSpot(TM) 64-Bit Server VM"/>
    <property name="localRepository" value="/Users/amedio/.m2/repository"/>
    <property name="java.vendor.url.bug" value="http://bugreport.java.com/bugreport/"/>
    <property name="java.io.tmpdir" value="/var/folders/4r/pjm6jwv13312qgn8cwjnq36h0000gn/T/"/>
    <property name="java.version" value="9.0.4"/>
    <property name="user.dir" value="/Users/amedio/workspace/spring-boot-sample-tomcat-jsp"/>
    <property name="os.arch" value="x86_64"/>
    <property name="java.vm.specification.name" value="Java Virtual Machine Specification"/>
    <property name="java.awt.printerjob" value="sun.lwawt.macosx.CPrinterJob"/>
    <property name="user.language.format" value="ko-Kore"/>
    <property name="idea.version2019.1.3" value="true"/>
    <property name="sun.os.patch.level" value="unknown"/>
    <property name="java.library.path" value="/Users/amedio/Library/Java/Extensions:/Library/Java/Extensions:/Network/Library/Java/Extensions:/System/Library/Java/Extensions:/usr/lib/java:."/>
    <property name="java.vm.info" value="mixed mode"/>
    <property name="java.vendor" value="Oracle Corporation"/>
    <property name="java.vm.version" value="9.0.4+11"/>
    <property name="sun.io.unicode.encoding" value="UnicodeBig"/>
    <property name="java.class.version" value="53.0"/>
    <property name="socksNonProxyHosts" value="local|*.local|169.254/16|*.169.254/16|lx.astxsvc.com|*.lx.astxsvc.com|127.0.0.1:21300|*.127.0.0.1:21300"/>
  </properties>
  <testcase name="testJspWithEl" classname="sample.tomcat.jsp.SampleWebJspApplicationTests" time="0.78"/>
</testsuite>